<?xml version="1.0" encoding="UTF-8"?>
<!-- Generated by org.testng.reporters.JUnitXMLReporter -->
<testsuite hostname="DESKTOP-GEU712U" ignored="0" name="Test" tests="2" failures="0" timestamp="2020-07-09T16:48:52 IST" time="21.303" errors="0">
  <testcase name="@BeforeMethod preCondition" time="9.247" classname="com.actitime.generic.BaseLib">
    <failure type="org.openqa.selenium.SessionNotCreatedException" message="session not created
from chrome not reachable
  (Session info: chrome=83.0.4103.116)
Build info: version: &amp;apos;3.141.59&amp;apos;, revision: &amp;apos;e82be7d358&amp;apos;, time: &amp;apos;2018-11-14T08:17:03&amp;apos;
System info: host: &amp;apos;DESKTOP-GEU712U&amp;apos;, ip: &amp;apos;192.168.29.59&amp;apos;, os.name: &amp;apos;Windows 10&amp;apos;, os.arch: &amp;apos;amd64&amp;apos;, os.version: &amp;apos;10.0&amp;apos;, java.version: &amp;apos;1.8.0_251&amp;apos;
Driver info: driver.version: ChromeDriver
remote stacktrace: Backtrace:
	Ordinal0 [0x004D9563+2725219]
	Ordinal0 [0x003D8551+1672529]
	Ordinal0 [0x002C0202+524802]
	Ordinal0 [0x002B99B2+498098]
	Ordinal0 [0x002BA09B+499867]
	Ordinal0 [0x002BAFF5+503797]
	Ordinal0 [0x002B6994+485780]
	Ordinal0 [0x002C0FF0+528368]
	Ordinal0 [0x0026D6C9+186057]
	Ordinal0 [0x0026CA3D+182845]
	Ordinal0 [0x0026A94B+174411]
	Ordinal0 [0x00252528+75048]
	Ordinal0 [0x002535A0+79264]
	Ordinal0 [0x00253539+79161]
	Ordinal0 [0x003ED607+1758727]
	GetHandleVerifier [0x005F6546+1050150]
	GetHandleVerifier [0x005F6291+1049457]
	GetHandleVerifier [0x006010D7+1094071]
	GetHandleVerifier [0x005F6B46+1051686]
	Ordinal0 [0x003E5B06+1727238]
	Ordinal0 [0x003EEB7B+1764219]
	Ordinal0 [0x003EECE3+1764579]
	Ordinal0 [0x00404C05+1854469]
	BaseThreadInitThunk [0x754F6359+25]
	RtlGetAppContainerNamedObjectPath [0x77257C24+228]
	RtlGetAppContainerNamedObjectPath [0x77257BF4+180]
">
      <![CDATA[org.openqa.selenium.SessionNotCreatedException: session not created
from chrome not reachable
  (Session info: chrome=83.0.4103.116)
Build info: version: '3.141.59', revision: 'e82be7d358', time: '2018-11-14T08:17:03'
System info: host: 'DESKTOP-GEU712U', ip: '192.168.29.59', os.name: 'Windows 10', os.arch: 'amd64', os.version: '10.0', java.version: '1.8.0_251'
Driver info: driver.version: ChromeDriver
remote stacktrace: Backtrace:
Ordinal0 [0x004D9563+2725219]
Ordinal0 [0x003D8551+1672529]
Ordinal0 [0x002C0202+524802]
Ordinal0 [0x002B99B2+498098]
Ordinal0 [0x002BA09B+499867]
Ordinal0 [0x002BAFF5+503797]
Ordinal0 [0x002B6994+485780]
Ordinal0 [0x002C0FF0+528368]
Ordinal0 [0x0026D6C9+186057]
Ordinal0 [0x0026CA3D+182845]
Ordinal0 [0x0026A94B+174411]
Ordinal0 [0x00252528+75048]
Ordinal0 [0x002535A0+79264]
Ordinal0 [0x00253539+79161]
Ordinal0 [0x003ED607+1758727]
GetHandleVerifier [0x005F6546+1050150]
GetHandleVerifier [0x005F6291+1049457]
GetHandleVerifier [0x006010D7+1094071]
GetHandleVerifier [0x005F6B46+1051686]
Ordinal0 [0x003E5B06+1727238]
Ordinal0 [0x003EEB7B+1764219]
Ordinal0 [0x003EECE3+1764579]
Ordinal0 [0x00404C05+1854469]
BaseThreadInitThunk [0x754F6359+25]
RtlGetAppContainerNamedObjectPath [0x77257C24+228]
RtlGetAppContainerNamedObjectPath [0x77257BF4+180]

at org.openqa.selenium.remote.W3CHandshakeResponse.lambda$errorHandler$0(W3CHandshakeResponse.java:62)
at org.openqa.selenium.remote.HandshakeResponse.lambda$getResponseFunction$0(HandshakeResponse.java:30)
at org.openqa.selenium.remote.ProtocolHandshake.lambda$createSession$0(ProtocolHandshake.java:126)
at java.util.stream.ReferencePipeline$3$1.accept(Unknown Source)
at java.util.Spliterators$ArraySpliterator.tryAdvance(Unknown Source)
at java.util.stream.ReferencePipeline.forEachWithCancel(Unknown Source)
at java.util.stream.AbstractPipeline.copyIntoWithCancel(Unknown Source)
at java.util.stream.AbstractPipeline.copyInto(Unknown Source)
at java.util.stream.AbstractPipeline.wrapAndCopyInto(Unknown Source)
at java.util.stream.FindOps$FindOp.evaluateSequential(Unknown Source)
at java.util.stream.AbstractPipeline.evaluate(Unknown Source)
at java.util.stream.ReferencePipeline.findFirst(Unknown Source)
at org.openqa.selenium.remote.ProtocolHandshake.createSession(ProtocolHandshake.java:128)
at org.openqa.selenium.remote.ProtocolHandshake.createSession(ProtocolHandshake.java:74)
at org.openqa.selenium.remote.HttpCommandExecutor.execute(HttpCommandExecutor.java:136)
at org.openqa.selenium.remote.service.DriverCommandExecutor.execute(DriverCommandExecutor.java:83)
at org.openqa.selenium.remote.RemoteWebDriver.execute(RemoteWebDriver.java:552)
at org.openqa.selenium.remote.RemoteWebDriver.startSession(RemoteWebDriver.java:213)
at org.openqa.selenium.remote.RemoteWebDriver.<init>(RemoteWebDriver.java:131)
at org.openqa.selenium.chrome.ChromeDriver.<init>(ChromeDriver.java:181)
at org.openqa.selenium.chrome.ChromeDriver.<init>(ChromeDriver.java:168)
at org.openqa.selenium.chrome.ChromeDriver.<init>(ChromeDriver.java:123)
at com.actitime.generic.BrowserFactory.launchBrowser(BrowserFactory.java:14)
at com.actitime.generic.BaseLib.preCondition(BaseLib.java:20)
at java.util.ArrayList.forEach(Unknown Source)
... Removed 35 stack frames]]>
    </failure>
  </testcase> <!-- @BeforeMethod preCondition -->
  <testcase name="@AfterMethod postCondition" time="-1.59429353248E9" classname="com.actitime.generic.BaseLib">
    <skipped/>
  </testcase> <!-- @AfterMethod postCondition -->
  <testcase name="validLogin" time="1.114" classname="com.actitime.scripts.LoginTest"/>
  <testcase name="invalidLogin" time="0.0" classname="com.actitime.scripts.LoginTest">
    <skipped/>
  </testcase> <!-- invalidLogin -->
</testsuite> <!-- Test -->
