<?xml version="1.0" encoding="UTF-8"?>
<!-- Generated by org.testng.reporters.JUnitReportReporter -->
<testsuite skipped="1" hostname="DESKTOP-GEU712U" name="com.actitime.scripts.LoginTest" tests="3" failures="0" timestamp="2020-07-09T16:48:52 IST" time="21.229" errors="1">
  <testcase name="preCondition" time="20.115" classname="com.actitime.scripts.LoginTest">
    <error type="org.openqa.selenium.SessionNotCreatedException" message="session not created
from chrome not reachable
  (Session info: chrome=83.0.4103.116)
Build info: version: &#039;3.141.59&#039;, revision: &#039;e82be7d358&#039;, time: &#039;2018-11-14T08:17:03&#039;
System info: host: &#039;DESKTOP-GEU712U&#039;, ip: &#039;192.168.29.59&#039;, os.name: &#039;Windows 10&#039;, os.arch: &#039;amd64&#039;, os.version: &#039;10.0&#039;, java.version: &#039;1.8.0_251&#039;
Driver info: driver.version: ChromeDriver
remote stacktrace: Backtrace:
	Ordinal0 [0x004D9563+2725219]
	Ordinal0 [0x003D8551+1672529]
	Ordinal0 [0x002C0202+524802]
	Ordinal0 [0x002B99B2+498098]
	Ordinal0 [0x002BA09B+499867]
	Ordinal0 [0x002BAFF5+503797]
	Ordinal0 [0x002B6994+485780]
	Ordinal0 [0x002C0FF0+528368]
	Ordinal0 [0x0026D6C9+186057]
	Ordinal0 [0x0026CA3D+182845]
	Ordinal0 [0x0026A94B+174411]
	Ordinal0 [0x00252528+75048]
	Ordinal0 [0x002535A0+79264]
	Ordinal0 [0x00253539+79161]
	Ordinal0 [0x003ED607+1758727]
	GetHandleVerifier [0x005F6546+1050150]
	GetHandleVerifier [0x005F6291+1049457]
	GetHandleVerifier [0x006010D7+1094071]
	GetHandleVerifier [0x005F6B46+1051686]
	Ordinal0 [0x003E5B06+1727238]
	Ordinal0 [0x003EEB7B+1764219]
	Ordinal0 [0x003EECE3+1764579]
	Ordinal0 [0x00404C05+1854469]
	BaseThreadInitThunk [0x754F6359+25]
	RtlGetAppContainerNamedObjectPath [0x77257C24+228]
	RtlGetAppContainerNamedObjectPath [0x77257BF4+180]
">
      <![CDATA[org.openqa.selenium.SessionNotCreatedException: session not created
from chrome not reachable
  (Session info: chrome=83.0.4103.116)
Build info: version: '3.141.59', revision: 'e82be7d358', time: '2018-11-14T08:17:03'
System info: host: 'DESKTOP-GEU712U', ip: '192.168.29.59', os.name: 'Windows 10', os.arch: 'amd64', os.version: '10.0', java.version: '1.8.0_251'
Driver info: driver.version: ChromeDriver
remote stacktrace: Backtrace:
Ordinal0 [0x004D9563+2725219]
Ordinal0 [0x003D8551+1672529]
Ordinal0 [0x002C0202+524802]
Ordinal0 [0x002B99B2+498098]
Ordinal0 [0x002BA09B+499867]
Ordinal0 [0x002BAFF5+503797]
Ordinal0 [0x002B6994+485780]
Ordinal0 [0x002C0FF0+528368]
Ordinal0 [0x0026D6C9+186057]
Ordinal0 [0x0026CA3D+182845]
Ordinal0 [0x0026A94B+174411]
Ordinal0 [0x00252528+75048]
Ordinal0 [0x002535A0+79264]
Ordinal0 [0x00253539+79161]
Ordinal0 [0x003ED607+1758727]
GetHandleVerifier [0x005F6546+1050150]
GetHandleVerifier [0x005F6291+1049457]
GetHandleVerifier [0x006010D7+1094071]
GetHandleVerifier [0x005F6B46+1051686]
Ordinal0 [0x003E5B06+1727238]
Ordinal0 [0x003EEB7B+1764219]
Ordinal0 [0x003EECE3+1764579]
Ordinal0 [0x00404C05+1854469]
BaseThreadInitThunk [0x754F6359+25]
RtlGetAppContainerNamedObjectPath [0x77257C24+228]
RtlGetAppContainerNamedObjectPath [0x77257BF4+180]

at sun.reflect.NativeConstructorAccessorImpl.newInstance0(Native Method)
at sun.reflect.NativeConstructorAccessorImpl.newInstance(Unknown Source)
at sun.reflect.DelegatingConstructorAccessorImpl.newInstance(Unknown Source)
at java.lang.reflect.Constructor.newInstance(Unknown Source)
at org.openqa.selenium.remote.W3CHandshakeResponse.lambda$errorHandler$0(W3CHandshakeResponse.java:62)
at org.openqa.selenium.remote.HandshakeResponse.lambda$getResponseFunction$0(HandshakeResponse.java:30)
at org.openqa.selenium.remote.ProtocolHandshake.lambda$createSession$0(ProtocolHandshake.java:126)
at java.util.stream.ReferencePipeline$3$1.accept(Unknown Source)
at java.util.Spliterators$ArraySpliterator.tryAdvance(Unknown Source)
at java.util.stream.ReferencePipeline.forEachWithCancel(Unknown Source)
at java.util.stream.AbstractPipeline.copyIntoWithCancel(Unknown Source)
at java.util.stream.AbstractPipeline.copyInto(Unknown Source)
at java.util.stream.AbstractPipeline.wrapAndCopyInto(Unknown Source)
at java.util.stream.FindOps$FindOp.evaluateSequential(Unknown Source)
at java.util.stream.AbstractPipeline.evaluate(Unknown Source)
at java.util.stream.ReferencePipeline.findFirst(Unknown Source)
at org.openqa.selenium.remote.ProtocolHandshake.createSession(ProtocolHandshake.java:128)
at org.openqa.selenium.remote.ProtocolHandshake.createSession(ProtocolHandshake.java:74)
at org.openqa.selenium.remote.HttpCommandExecutor.execute(HttpCommandExecutor.java:136)
at org.openqa.selenium.remote.service.DriverCommandExecutor.execute(DriverCommandExecutor.java:83)
at org.openqa.selenium.remote.RemoteWebDriver.execute(RemoteWebDriver.java:552)
at org.openqa.selenium.remote.RemoteWebDriver.startSession(RemoteWebDriver.java:213)
at org.openqa.selenium.remote.RemoteWebDriver.<init>(RemoteWebDriver.java:131)
at org.openqa.selenium.chrome.ChromeDriver.<init>(ChromeDriver.java:181)
at org.openqa.selenium.chrome.ChromeDriver.<init>(ChromeDriver.java:168)
at org.openqa.selenium.chrome.ChromeDriver.<init>(ChromeDriver.java:123)
at com.actitime.generic.BrowserFactory.launchBrowser(BrowserFactory.java:14)
at com.actitime.generic.BaseLib.preCondition(BaseLib.java:20)
at sun.reflect.NativeMethodAccessorImpl.invoke0(Native Method)
at sun.reflect.NativeMethodAccessorImpl.invoke(Unknown Source)
at sun.reflect.DelegatingMethodAccessorImpl.invoke(Unknown Source)
at java.lang.reflect.Method.invoke(Unknown Source)
at org.testng.internal.MethodInvocationHelper.invokeMethod(MethodInvocationHelper.java:134)
at org.testng.internal.MethodInvocationHelper.invokeMethodConsideringTimeout(MethodInvocationHelper.java:63)
at org.testng.internal.ConfigInvoker.invokeConfigurationMethod(ConfigInvoker.java:348)
at org.testng.internal.ConfigInvoker.invokeConfigurations(ConfigInvoker.java:302)
at org.testng.internal.TestInvoker.runConfigMethods(TestInvoker.java:695)
at org.testng.internal.TestInvoker.invokeMethod(TestInvoker.java:523)
at org.testng.internal.TestInvoker.invokeTestMethod(TestInvoker.java:173)
at org.testng.internal.MethodRunner.runInSequence(MethodRunner.java:46)
at org.testng.internal.TestInvoker$MethodInvocationAgent.invoke(TestInvoker.java:816)
at org.testng.internal.TestInvoker.invokeTestMethods(TestInvoker.java:146)
at org.testng.internal.TestMethodWorker.invokeTestMethods(TestMethodWorker.java:146)
at org.testng.internal.TestMethodWorker.run(TestMethodWorker.java:128)
at java.util.ArrayList.forEach(Unknown Source)
at org.testng.TestRunner.privateRun(TestRunner.java:766)
at org.testng.TestRunner.run(TestRunner.java:587)
at org.testng.SuiteRunner.runTest(SuiteRunner.java:384)
at org.testng.SuiteRunner.runSequentially(SuiteRunner.java:378)
at org.testng.SuiteRunner.privateRun(SuiteRunner.java:337)
at org.testng.SuiteRunner.run(SuiteRunner.java:286)
at org.testng.SuiteRunnerWorker.runSuite(SuiteRunnerWorker.java:53)
at org.testng.SuiteRunnerWorker.run(SuiteRunnerWorker.java:96)
at org.testng.TestNG.runSuitesSequentially(TestNG.java:1187)
at org.testng.TestNG.runSuitesLocally(TestNG.java:1109)
at org.testng.TestNG.runSuites(TestNG.java:1039)
at org.testng.TestNG.run(TestNG.java:1007)
at org.testng.remote.AbstractRemoteTestNG.run(AbstractRemoteTestNG.java:115)
at org.testng.remote.RemoteTestNG.initAndRun(RemoteTestNG.java:251)
at org.testng.remote.RemoteTestNG.main(RemoteTestNG.java:77)
]]>
    </error>
  </testcase> <!-- preCondition -->
  <system-out/>
  <testcase name="validLogin" time="1.114" classname="com.actitime.scripts.LoginTest"/>
  <system-out>
validLoginscript execution starts: Thu Jul 09 16:48:37 IST 2020 validLogin script is passed  </system-out>
  <testcase name="invalidLogin" time="0.000" classname="com.actitime.scripts.LoginTest">
    <skipped/>
  </testcase> <!-- invalidLogin -->
  <system-out>
invalidLogin script is skipped Suite Execution ends: Thu Jul 09 16:48:52 IST 2020 Total scripts executed: 1 Total scripts passed: 1 Total scripts failed: 0 Total scripts skipped: 1  </system-out>
</testsuite> <!-- com.actitime.scripts.LoginTest -->
